Using pre-set license
Built from 'trunk' branch; Version is '6000.0.3f1 (019aa96b6ed9) revision 105129'; Using compiler version '193933522'; Build Type 'Release'
OS: 'Windows 10  (10.0.19045) 64bit Professional' Language: 'en' Physical Memory: 32664 MB
BatchMode: 1, IsHumanControllingUs: 0, StartBugReporterOnCrash: 0, Is64bit: 1, IsPro: 1

COMMAND LINE ARGUMENTS:
C:\Program Files\Unity\Hub\Editor\6000.0.3f1\Editor\Unity.exe
-adb2
-batchMode
-noUpm
-name
AssetImportWorker5
-projectPath
C:/Users/PC GAMER/Documents/Lioran
-logFile
Logs/AssetImportWorker5.log
-srvPort
64661
-job-worker-count
5
-background-job-worker-count
8
-asset-garbage-collectors
1
Successfully changed project path to: C:/Users/PC GAMER/Documents/Lioran
C:/Users/PC GAMER/Documents/Lioran
[UnityMemory] Configuration Parameters - Can be set up in boot.config
    "memorysetup-bucket-allocator-granularity=16"
    "memorysetup-bucket-allocator-bucket-count=8"
    "memorysetup-bucket-allocator-block-size=33554432"
    "memorysetup-bucket-allocator-block-count=8"
    "memorysetup-main-allocator-block-size=16777216"
    "memorysetup-thread-allocator-block-size=16777216"
    "memorysetup-gfx-main-allocator-block-size=16777216"
    "memorysetup-gfx-thread-allocator-block-size=16777216"
    "memorysetup-cache-allocator-block-size=4194304"
    "memorysetup-typetree-allocator-block-size=2097152"
    "memorysetup-profiler-bucket-allocator-granularity=16"
    "memorysetup-profiler-bucket-allocator-bucket-count=8"
    "memorysetup-profiler-bucket-allocator-block-size=33554432"
    "memorysetup-profiler-bucket-allocator-block-count=8"
    "memorysetup-profiler-allocator-block-size=16777216"
    "memorysetup-profiler-editor-allocator-block-size=1048576"
    "memorysetup-temp-allocator-size-main=16777216"
    "memorysetup-job-temp-allocator-block-size=2097152"
    "memorysetup-job-temp-allocator-block-size-background=1048576"
    "memorysetup-job-temp-allocator-reduction-small-platforms=262144"
    "memorysetup-allocator-temp-initial-block-size-main=262144"
    "memorysetup-allocator-temp-initial-block-size-worker=262144"
    "memorysetup-temp-allocator-size-background-worker=32768"
    "memorysetup-temp-allocator-size-job-worker=262144"
    "memorysetup-temp-allocator-size-preload-manager=33554432"
    "memorysetup-temp-allocator-size-nav-mesh-worker=65536"
    "memorysetup-temp-allocator-size-audio-worker=65536"
    "memorysetup-temp-allocator-size-cloud-worker=32768"
    "memorysetup-temp-allocator-size-gi-baking-worker=262144"
    "memorysetup-temp-allocator-size-gi-baking-worker=262144"
    "memorysetup-temp-allocator-size-gi-baking-worker=262144"
    "memorysetup-temp-allocator-size-gi-baking-worker=262144"
    "memorysetup-temp-allocator-size-gi-baking-worker=262144"
    "memorysetup-temp-allocator-size-gfx=262144"
Player connection [21732]  Target information:

Player connection [21732]  * "[IP] 26.95.194.59 [Port] 0 [Flags] 2 [Guid] 3618695852 [EditorId] 3618695852 [Version] 1048832 [Id] WindowsEditor(7,lol) [Debug] 1 [PackageName] WindowsEditor [ProjectName] Editor" 

Player connection [21732]  * "[IP] 172.21.64.1 [Port] 0 [Flags] 2 [Guid] 3618695852 [EditorId] 3618695852 [Version] 1048832 [Id] WindowsEditor(7,lol) [Debug] 1 [PackageName] WindowsEditor [ProjectName] Editor" 

Player connection [21732]  * "[IP] 172.28.240.1 [Port] 0 [Flags] 2 [Guid] 3618695852 [EditorId] 3618695852 [Version] 1048832 [Id] WindowsEditor(7,lol) [Debug] 1 [PackageName] WindowsEditor [ProjectName] Editor" 

Player connection [21732]  * "[IP] 172.26.96.1 [Port] 0 [Flags] 2 [Guid] 3618695852 [EditorId] 3618695852 [Version] 1048832 [Id] WindowsEditor(7,lol) [Debug] 1 [PackageName] WindowsEditor [ProjectName] Editor" 

Player connection [21732]  * "[IP] 172.24.160.1 [Port] 0 [Flags] 2 [Guid] 3618695852 [EditorId] 3618695852 [Version] 1048832 [Id] WindowsEditor(7,lol) [Debug] 1 [PackageName] WindowsEditor [ProjectName] Editor" 

Player connection [21732]  * "[IP] 192.168.1.107 [Port] 0 [Flags] 2 [Guid] 3618695852 [EditorId] 3618695852 [Version] 1048832 [Id] WindowsEditor(7,lol) [Debug] 1 [PackageName] WindowsEditor [ProjectName] Editor" 

Player connection [21732] Host joined multi-casting on [225.0.0.222:54997]...
Player connection [21732] Host joined alternative multi-casting on [225.0.0.222:34997]...
JobSystem: Creating JobQueue using job-worker-count value 5
Library Redirect Path: Library/
[PhysX] Initialized MultithreadedTaskDispatcher with 6 workers.
Refreshing native plugins compatible for Editor in 3.49 ms, found 4 plugins.
Preloading 0 native plugins for Editor in 0.00 ms.
Initialize engine version: 6000.0.3f1 (019aa96b6ed9)
[Subsystems] Discovering subsystems at path C:/Program Files/Unity/Hub/Editor/6000.0.3f1/Editor/Data/Resources/UnitySubsystems
[Subsystems] Discovering subsystems at path C:/Users/PC GAMER/Documents/Lioran/Assets
GfxDevice: creating device client; kGfxThreadingModeNonThreaded
Direct3D:
    Version:  Direct3D 11.0 [level 11.1]
    Renderer: NVIDIA GeForce RTX 3060 (ID=0x2504)
    Vendor:   NVIDIA
    VRAM:     12115 MB
    Driver:   32.0.15.7216
Initialize mono
Mono path[0] = 'C:/Program Files/Unity/Hub/Editor/6000.0.3f1/Editor/Data/Managed'
Mono path[1] = 'C:/Program Files/Unity/Hub/Editor/6000.0.3f1/Editor/Data/MonoBleedingEdge/lib/mono/unityjit-win32'
Mono config path = 'C:/Program Files/Unity/Hub/Editor/6000.0.3f1/Editor/Data/MonoBleedingEdge/etc'
Using monoOptions --debugger-agent=transport=dt_socket,embedding=1,server=y,suspend=n,address=127.0.0.1:56032
Begin MonoManager ReloadAssembly
Registering precompiled unity dll's ...
Register platform support module: C:/Program Files/Unity/Hub/Editor/6000.0.3f1/Editor/Data/PlaybackEngines/WebGLSupport/UnityEditor.WebGL.Extensions.dll
Register platform support module: C:/Program Files/Unity/Hub/Editor/6000.0.3f1/Editor/Data/PlaybackEngines/WindowsStandaloneSupport/UnityEditor.WindowsStandalone.Extensions.dll
Register platform support module: C:/Program Files/Unity/Hub/Editor/6000.0.3f1/Editor/Data/PlaybackEngines/AndroidPlayer/UnityEditor.Android.Extensions.dll
Registered in 0.007907 seconds.
- Loaded All Assemblies, in  0.546 seconds
Native extension for Android target not found
Android Extension - Scanning For ADB Devices 196 ms
Native extension for WindowsStandalone target not found
Native extension for WebGL target not found
Mono: successfully reloaded assembly
- Finished resetting the current domain, in  0.701 seconds
Domain Reload Profiling: 1243ms
	BeginReloadAssembly (182ms)
		ExecutionOrderSort (0ms)
		DisableScriptedObjects (0ms)
		BackupInstance (0ms)
		ReleaseScriptingObjects (0ms)
		CreateAndSetChildDomain (1ms)
	RebuildCommonClasses (59ms)
	RebuildNativeTypeToScriptingClass (20ms)
	initialDomainReloadingComplete (75ms)
	LoadAllAssembliesAndSetupDomain (206ms)
		LoadAssemblies (177ms)
		RebuildTransferFunctionScriptingTraits (0ms)
		AnalyzeDomain (202ms)
			TypeCache.Refresh (201ms)
				TypeCache.ScanAssembly (185ms)
			BuildScriptInfoCaches (0ms)
			ResolveRequiredComponents (0ms)
	FinalizeReload (701ms)
		ReleaseScriptCaches (0ms)
		RebuildScriptCaches (0ms)
		SetupLoadedEditorAssemblies (636ms)
			LogAssemblyErrors (0ms)
			InitializePlatformSupportModulesInManaged (329ms)
			SetLoadedEditorAssemblies (4ms)
			BeforeProcessingInitializeOnLoad (5ms)
			ProcessInitializeOnLoadAttributes (117ms)
			ProcessInitializeOnLoadMethodAttributes (181ms)
			AfterProcessingInitializeOnLoad (0ms)
			EditorAssembliesLoaded (0ms)
		ExecutionOrderSort2 (0ms)
		AwakeInstancesAfterBackupRestoration (0ms)
========================================================================
Worker process is ready to serve import requests
Import Worker Mode flag is 0x00
Begin MonoManager ReloadAssembly
- Loaded All Assemblies, in  1.131 seconds
Refreshing native plugins compatible for Editor in 1.90 ms, found 4 plugins.
Native extension for Android target not found
Native extension for WindowsStandalone target not found
Native extension for WebGL target not found
The project currently uses the compatibility mode where the Render Graph API is disabled. Support for this mode will be removed in future Unity versions. Migrate existing ScriptableRenderPasses to the new RenderGraph API. After the migration, disable the compatibility mode in Edit > Projects Settings > Graphics > Render Graph.
UnityEngine.Debug:ExtractStackTraceNoAlloc (byte*,int,string)
UnityEngine.StackTraceUtility:ExtractStackTrace ()
UnityEngine.DebugLogHandler:Internal_Log (UnityEngine.LogType,UnityEngine.LogOption,string,UnityEngine.Object)
UnityEngine.DebugLogHandler:LogFormat (UnityEngine.LogType,UnityEngine.Object,string,object[])
UnityEngine.Logger:Log (UnityEngine.LogType,object)
UnityEngine.Debug:LogWarning (object)
UnityEngine.Rendering.Universal.WarnUsingNonRenderGraph:EmitConsoleWarning () (at ./Library/PackageCache/com.unity.render-pipelines.universal/Runtime/Data/UniversalRenderPipelineAsset.cs:438)
System.Reflection.RuntimeMethodInfo:Invoke (object,System.Reflection.BindingFlags,System.Reflection.Binder,object[],System.Globalization.CultureInfo)
System.Reflection.MethodBase:Invoke (object,object[])
UnityEditor.EditorAssemblies:ProcessInitializeOnLoadMethodAttributes ()

(Filename: ./Library/PackageCache/com.unity.render-pipelines.universal/Runtime/Data/UniversalRenderPipelineAsset.cs Line: 438)

Mono: successfully reloaded assembly
- Finished resetting the current domain, in  1.074 seconds
Domain Reload Profiling: 2198ms
	BeginReloadAssembly (406ms)
		ExecutionOrderSort (0ms)
		DisableScriptedObjects (6ms)
		BackupInstance (0ms)
		ReleaseScriptingObjects (0ms)
		CreateAndSetChildDomain (32ms)
	RebuildCommonClasses (40ms)
	RebuildNativeTypeToScriptingClass (14ms)
	initialDomainReloadingComplete (45ms)
	LoadAllAssembliesAndSetupDomain (617ms)
		LoadAssemblies (398ms)
		RebuildTransferFunctionScriptingTraits (0ms)
		AnalyzeDomain (324ms)
			TypeCache.Refresh (227ms)
				TypeCache.ScanAssembly (206ms)
			BuildScriptInfoCaches (80ms)
			ResolveRequiredComponents (14ms)
	FinalizeReload (1075ms)
		ReleaseScriptCaches (0ms)
		RebuildScriptCaches (0ms)
		SetupLoadedEditorAssemblies (770ms)
			LogAssemblyErrors (0ms)
			InitializePlatformSupportModulesInManaged (20ms)
			SetLoadedEditorAssemblies (4ms)
			BeforeProcessingInitializeOnLoad (79ms)
			ProcessInitializeOnLoadAttributes (405ms)
			ProcessInitializeOnLoadMethodAttributes (254ms)
			AfterProcessingInitializeOnLoad (8ms)
			EditorAssembliesLoaded (0ms)
		ExecutionOrderSort2 (0ms)
		AwakeInstancesAfterBackupRestoration (7ms)
Launched and connected shader compiler UnityShaderCompiler.exe after 0.01 seconds
Refreshing native plugins compatible for Editor in 2.47 ms, found 4 plugins.
Preloading 0 native plugins for Editor in 0.00 ms.
Unloading 204 Unused Serialized files (Serialized files now loaded: 0)
Unloading 6533 unused Assets / (7.8 MB). Loaded Objects now: 7258.
Memory consumption went from 188.0 MB to 180.1 MB.
Total: 13.760100 ms (FindLiveObjects: 0.778400 ms CreateObjectMapping: 1.251900 ms MarkObjects: 5.903800 ms  DeleteObjects: 5.824800 ms)

========================================================================
Received Import Request.
  Time since last request: 12984.909285 seconds.
  path: Assets/Sprites/Tileset/The Forgotten Depths/PlantsAnimated/Vegetation/Grass2/Grass2_00001.png
  artifactKey: Guid(ae2068a2c3eccc24aa3ac29b6cd0ff92) Importer(815301076,1909f56bfc062723c751e8b465ee728b)
Start importing Assets/Sprites/Tileset/The Forgotten Depths/PlantsAnimated/Vegetation/Grass2/Grass2_00001.png using Guid(ae2068a2c3eccc24aa3ac29b6cd0ff92) Importer(815301076,1909f56bfc062723c751e8b465ee728b) (PreviewImporter)[PhysX] Initialized MultithreadedTaskDispatcher with 6 workers.
[PhysX] Initialized MultithreadedTaskDispatcher with 6 workers.
 -> (artifact id: '19d12bea2aad1534c3b875061d19c47b') in 0.0988498 seconds
Number of updated asset objects reloaded before import = 0Number of asset objects unloaded after import = 3

========================================================================
Received Import Request.
  Time since last request: 0.000021 seconds.
  path: Assets/Sprites/Tileset/The Forgotten Depths/PlantsAnimated/Vegetation/Grass2/Grass2_00027.png
  artifactKey: Guid(0f3daf806540e394f98c59d68963ac07) Importer(815301076,1909f56bfc062723c751e8b465ee728b)
Start importing Assets/Sprites/Tileset/The Forgotten Depths/PlantsAnimated/Vegetation/Grass2/Grass2_00027.png using Guid(0f3daf806540e394f98c59d68963ac07) Importer(815301076,1909f56bfc062723c751e8b465ee728b) (PreviewImporter)[PhysX] Initialized MultithreadedTaskDispatcher with 6 workers.
[PhysX] Initialized MultithreadedTaskDispatcher with 6 workers.
 -> (artifact id: '7b690da3c2710c112a66f20fbd943e1c') in 0.016836 seconds
Number of updated asset objects reloaded before import = 0Number of asset objects unloaded after import = 3

========================================================================
Received Import Request.
  Time since last request: 0.000021 seconds.
  path: Assets/Sprites/Tileset/The Forgotten Depths/PlantsAnimated/Vegetation/Grass2/Grass2_00002.png
  artifactKey: Guid(edd31e3694b2ee44c88d94974db278e1) Importer(815301076,1909f56bfc062723c751e8b465ee728b)
Start importing Assets/Sprites/Tileset/The Forgotten Depths/PlantsAnimated/Vegetation/Grass2/Grass2_00002.png using Guid(edd31e3694b2ee44c88d94974db278e1) Importer(815301076,1909f56bfc062723c751e8b465ee728b) (PreviewImporter)[PhysX] Initialized MultithreadedTaskDispatcher with 6 workers.
[PhysX] Initialized MultithreadedTaskDispatcher with 6 workers.
 -> (artifact id: 'ff2fb96492cd39d56fbfe4e39b38482a') in 0.01704 seconds
Number of updated asset objects reloaded before import = 0Number of asset objects unloaded after import = 3

========================================================================
Received Import Request.
  Time since last request: 0.000023 seconds.
  path: Assets/Sprites/Tileset/The Forgotten Depths/PlantsAnimated/Vegetation/Grass2/Grass2_00026.png
  artifactKey: Guid(85d787e99388d194b84625b09e6c5014) Importer(815301076,1909f56bfc062723c751e8b465ee728b)
Start importing Assets/Sprites/Tileset/The Forgotten Depths/PlantsAnimated/Vegetation/Grass2/Grass2_00026.png using Guid(85d787e99388d194b84625b09e6c5014) Importer(815301076,1909f56bfc062723c751e8b465ee728b) (PreviewImporter)[PhysX] Initialized MultithreadedTaskDispatcher with 6 workers.
[PhysX] Initialized MultithreadedTaskDispatcher with 6 workers.
 -> (artifact id: '8c5f12ecd7cd4182f56e16366d839309') in 0.0149027 seconds
Number of updated asset objects reloaded before import = 0Number of asset objects unloaded after import = 3

========================================================================
Received Import Request.
  Time since last request: 0.000016 seconds.
  path: Assets/Sprites/Tileset/The Forgotten Depths/PlantsAnimated/Vegetation/Grass2/Grass2_00007.png
  artifactKey: Guid(0bffc8220d9073f4582631b5d5d9e883) Importer(815301076,1909f56bfc062723c751e8b465ee728b)
Start importing Assets/Sprites/Tileset/The Forgotten Depths/PlantsAnimated/Vegetation/Grass2/Grass2_00007.png using Guid(0bffc8220d9073f4582631b5d5d9e883) Importer(815301076,1909f56bfc062723c751e8b465ee728b) (PreviewImporter)[PhysX] Initialized MultithreadedTaskDispatcher with 6 workers.
[PhysX] Initialized MultithreadedTaskDispatcher with 6 workers.
 -> (artifact id: '225a8db7bbf24571892eeaa4b041d6b6') in 0.0163076 seconds
Number of updated asset objects reloaded before import = 0Number of asset objects unloaded after import = 3

========================================================================
Received Import Request.
  Time since last request: 0.000100 seconds.
  path: Assets/Sprites/Tileset/The Forgotten Depths/PlantsAnimated/Vegetation/Grass2/Grass2_00013.png
  artifactKey: Guid(82f6a91f86b427c4cadfb087c037a304) Importer(815301076,1909f56bfc062723c751e8b465ee728b)
Start importing Assets/Sprites/Tileset/The Forgotten Depths/PlantsAnimated/Vegetation/Grass2/Grass2_00013.png using Guid(82f6a91f86b427c4cadfb087c037a304) Importer(815301076,1909f56bfc062723c751e8b465ee728b) (PreviewImporter)[PhysX] Initialized MultithreadedTaskDispatcher with 6 workers.
[PhysX] Initialized MultithreadedTaskDispatcher with 6 workers.
 -> (artifact id: 'f3538603a4c23cb5f540f85edf85895d') in 0.0165415 seconds
Number of updated asset objects reloaded before import = 0Number of asset objects unloaded after import = 3

========================================================================
Received Import Request.
  Time since last request: 0.000017 seconds.
  path: Assets/Sprites/Tileset/The Forgotten Depths/PlantsAnimated/Vegetation/Grass2/Grass2_00023.png
  artifactKey: Guid(135c132d73e191a42b951bfea1377ebf) Importer(815301076,1909f56bfc062723c751e8b465ee728b)
Start importing Assets/Sprites/Tileset/The Forgotten Depths/PlantsAnimated/Vegetation/Grass2/Grass2_00023.png using Guid(135c132d73e191a42b951bfea1377ebf) Importer(815301076,1909f56bfc062723c751e8b465ee728b) (PreviewImporter)[PhysX] Initialized MultithreadedTaskDispatcher with 6 workers.
[PhysX] Initialized MultithreadedTaskDispatcher with 6 workers.
 -> (artifact id: '0fa5589e485063d9a1ec30199b94d43b') in 0.0208641 seconds
Number of updated asset objects reloaded before import = 0Number of asset objects unloaded after import = 3

========================================================================
Received Import Request.
  Time since last request: 0.000015 seconds.
  path: Assets/Sprites/Tileset/The Forgotten Depths/PlantsAnimated/Vegetation/Grass2/Grass2_00009.png
  artifactKey: Guid(8ad19dd81f4988847991fb722c69b67a) Importer(815301076,1909f56bfc062723c751e8b465ee728b)
Start importing Assets/Sprites/Tileset/The Forgotten Depths/PlantsAnimated/Vegetation/Grass2/Grass2_00009.png using Guid(8ad19dd81f4988847991fb722c69b67a) Importer(815301076,1909f56bfc062723c751e8b465ee728b) (PreviewImporter)[PhysX] Initialized MultithreadedTaskDispatcher with 6 workers.
[PhysX] Initialized MultithreadedTaskDispatcher with 6 workers.
 -> (artifact id: '37d08465fe2e9b84dc0a487dd1cca2ca') in 0.0171253 seconds
Number of updated asset objects reloaded before import = 0Number of asset objects unloaded after import = 3

========================================================================
Received Import Request.
  Time since last request: 0.000015 seconds.
  path: Assets/Sprites/Tileset/The Forgotten Depths/PlantsAnimated/Vegetation/Grass2/Grass2_00003.png
  artifactKey: Guid(f97242e27eb5fe942911d68a31584a9d) Importer(815301076,1909f56bfc062723c751e8b465ee728b)
Start importing Assets/Sprites/Tileset/The Forgotten Depths/PlantsAnimated/Vegetation/Grass2/Grass2_00003.png using Guid(f97242e27eb5fe942911d68a31584a9d) Importer(815301076,1909f56bfc062723c751e8b465ee728b) (PreviewImporter)[PhysX] Initialized MultithreadedTaskDispatcher with 6 workers.
[PhysX] Initialized MultithreadedTaskDispatcher with 6 workers.
 -> (artifact id: 'c855941f8f1dfa3cac4157dd9ed86c75') in 0.0159061 seconds
Number of updated asset objects reloaded before import = 0Number of asset objects unloaded after import = 3

========================================================================
Received Import Request.
  Time since last request: 0.000023 seconds.
  path: Assets/Sprites/Tileset/The Forgotten Depths/PlantsAnimated/Vegetation/Grass2/Grass2_00014.png
  artifactKey: Guid(8e3bc7e01a64b9043aeeefe56e6dcc81) Importer(815301076,1909f56bfc062723c751e8b465ee728b)
Start importing Assets/Sprites/Tileset/The Forgotten Depths/PlantsAnimated/Vegetation/Grass2/Grass2_00014.png using Guid(8e3bc7e01a64b9043aeeefe56e6dcc81) Importer(815301076,1909f56bfc062723c751e8b465ee728b) (PreviewImporter)[PhysX] Initialized MultithreadedTaskDispatcher with 6 workers.
[PhysX] Initialized MultithreadedTaskDispatcher with 6 workers.
 -> (artifact id: 'ab00bbab247da54b95c4c6a877b5325c') in 0.0186007 seconds
Number of updated asset objects reloaded before import = 0Number of asset objects unloaded after import = 3

========================================================================
Received Import Request.
  Time since last request: 0.000018 seconds.
  path: Assets/Sprites/Tileset/The Forgotten Depths/PlantsAnimated/Vegetation/Grass2/Grass2_00015.png
  artifactKey: Guid(4f7343d6dafcab340851ed15e205aead) Importer(815301076,1909f56bfc062723c751e8b465ee728b)
Start importing Assets/Sprites/Tileset/The Forgotten Depths/PlantsAnimated/Vegetation/Grass2/Grass2_00015.png using Guid(4f7343d6dafcab340851ed15e205aead) Importer(815301076,1909f56bfc062723c751e8b465ee728b) (PreviewImporter)[PhysX] Initialized MultithreadedTaskDispatcher with 6 workers.
[PhysX] Initialized MultithreadedTaskDispatcher with 6 workers.
 -> (artifact id: '933ba62bacf256b42ee864943d201cc0') in 0.0177777 seconds
Number of updated asset objects reloaded before import = 0Number of asset objects unloaded after import = 3

========================================================================
Received Import Request.
  Time since last request: 0.000016 seconds.
  path: Assets/Sprites/Tileset/The Forgotten Depths/PlantsAnimated/Vegetation/Grass2/Grass2_00004.png
  artifactKey: Guid(017e18d528bf3e241b5e602adf73d3ae) Importer(815301076,1909f56bfc062723c751e8b465ee728b)
Start importing Assets/Sprites/Tileset/The Forgotten Depths/PlantsAnimated/Vegetation/Grass2/Grass2_00004.png using Guid(017e18d528bf3e241b5e602adf73d3ae) Importer(815301076,1909f56bfc062723c751e8b465ee728b) (PreviewImporter)[PhysX] Initialized MultithreadedTaskDispatcher with 6 workers.
[PhysX] Initialized MultithreadedTaskDispatcher with 6 workers.
 -> (artifact id: '8810d2bc6414807b6423dd9000e91350') in 0.0165866 seconds
Number of updated asset objects reloaded before import = 0Number of asset objects unloaded after import = 3

========================================================================
Received Import Request.
  Time since last request: 0.000015 seconds.
  path: Assets/Sprites/Tileset/The Forgotten Depths/PlantsAnimated/Vegetation/Grass2/Grass2_00028.png
  artifactKey: Guid(0e152a3332abd384ba4194500a889f57) Importer(815301076,1909f56bfc062723c751e8b465ee728b)
Start importing Assets/Sprites/Tileset/The Forgotten Depths/PlantsAnimated/Vegetation/Grass2/Grass2_00028.png using Guid(0e152a3332abd384ba4194500a889f57) Importer(815301076,1909f56bfc062723c751e8b465ee728b) (PreviewImporter)[PhysX] Initialized MultithreadedTaskDispatcher with 6 workers.
[PhysX] Initialized MultithreadedTaskDispatcher with 6 workers.
 -> (artifact id: '0277b830c9fa7d791f858d61cb11d6bb') in 0.0170393 seconds
Number of updated asset objects reloaded before import = 0Number of asset objects unloaded after import = 3

========================================================================
Received Import Request.
  Time since last request: 0.000017 seconds.
  path: Assets/Sprites/Tileset/The Forgotten Depths/PlantsAnimated/Vegetation/Grass2/Grass2_00022.png
  artifactKey: Guid(d43bcf5c98d9d174eaa2094bfa55474f) Importer(815301076,1909f56bfc062723c751e8b465ee728b)
Start importing Assets/Sprites/Tileset/The Forgotten Depths/PlantsAnimated/Vegetation/Grass2/Grass2_00022.png using Guid(d43bcf5c98d9d174eaa2094bfa55474f) Importer(815301076,1909f56bfc062723c751e8b465ee728b) (PreviewImporter)[PhysX] Initialized MultithreadedTaskDispatcher with 6 workers.
[PhysX] Initialized MultithreadedTaskDispatcher with 6 workers.
 -> (artifact id: 'c90134953198af41655abda79f30a260') in 0.0182943 seconds
Number of updated asset objects reloaded before import = 0Number of asset objects unloaded after import = 3

========================================================================
Received Import Request.
  Time since last request: 17.297208 seconds.
  path: Assets/Sprites/Tileset/The Forgotten Depths/PlantsAnimated/Vegetation/Grass2/Grass2_00002.png
  artifactKey: Guid(edd31e3694b2ee44c88d94974db278e1) Importer(815301076,1909f56bfc062723c751e8b465ee728b)
Start importing Assets/Sprites/Tileset/The Forgotten Depths/PlantsAnimated/Vegetation/Grass2/Grass2_00002.png using Guid(edd31e3694b2ee44c88d94974db278e1) Importer(815301076,1909f56bfc062723c751e8b465ee728b) (PreviewImporter)[PhysX] Initialized MultithreadedTaskDispatcher with 6 workers.
[PhysX] Initialized MultithreadedTaskDispatcher with 6 workers.
 -> (artifact id: 'de19662daaa0e512145ba73ec6a98df8') in 0.0204084 seconds
Number of updated asset objects reloaded before import = 0Number of asset objects unloaded after import = 3

========================================================================
Received Import Request.
  Time since last request: 0.000016 seconds.
  path: Assets/Sprites/Tileset/The Forgotten Depths/PlantsAnimated/Vegetation/Grass2/Grass2_00006.png
  artifactKey: Guid(a827d3d486090c04d8fce8c4e72b2f7a) Importer(815301076,1909f56bfc062723c751e8b465ee728b)
Start importing Assets/Sprites/Tileset/The Forgotten Depths/PlantsAnimated/Vegetation/Grass2/Grass2_00006.png using Guid(a827d3d486090c04d8fce8c4e72b2f7a) Importer(815301076,1909f56bfc062723c751e8b465ee728b) (PreviewImporter)[PhysX] Initialized MultithreadedTaskDispatcher with 6 workers.
[PhysX] Initialized MultithreadedTaskDispatcher with 6 workers.
 -> (artifact id: 'ecf969d066ca5721be53e0e2d375b1b4') in 0.021801 seconds
Number of updated asset objects reloaded before import = 0Number of asset objects unloaded after import = 3

========================================================================
Received Import Request.
  Time since last request: 0.000023 seconds.
  path: Assets/Sprites/Tileset/The Forgotten Depths/PlantsAnimated/Vegetation/Grass2/Grass2_00027.png
  artifactKey: Guid(0f3daf806540e394f98c59d68963ac07) Importer(815301076,1909f56bfc062723c751e8b465ee728b)
Start importing Assets/Sprites/Tileset/The Forgotten Depths/PlantsAnimated/Vegetation/Grass2/Grass2_00027.png using Guid(0f3daf806540e394f98c59d68963ac07) Importer(815301076,1909f56bfc062723c751e8b465ee728b) (PreviewImporter)[PhysX] Initialized MultithreadedTaskDispatcher with 6 workers.
[PhysX] Initialized MultithreadedTaskDispatcher with 6 workers.
 -> (artifact id: '81aec9fa4965fce9c96b5633aa5b007a') in 0.022663 seconds
Number of updated asset objects reloaded before import = 0Number of asset objects unloaded after import = 3

========================================================================
Received Import Request.
  Time since last request: 0.000017 seconds.
  path: Assets/Sprites/Tileset/The Forgotten Depths/PlantsAnimated/Vegetation/Grass2/Grass2_00012.png
  artifactKey: Guid(bb5178403f73ff1439101a2c47e6bcc3) Importer(815301076,1909f56bfc062723c751e8b465ee728b)
Start importing Assets/Sprites/Tileset/The Forgotten Depths/PlantsAnimated/Vegetation/Grass2/Grass2_00012.png using Guid(bb5178403f73ff1439101a2c47e6bcc3) Importer(815301076,1909f56bfc062723c751e8b465ee728b) (PreviewImporter)[PhysX] Initialized MultithreadedTaskDispatcher with 6 workers.
[PhysX] Initialized MultithreadedTaskDispatcher with 6 workers.
 -> (artifact id: '7d07f0791e29b1b0484113d9efe9ad14') in 0.0178646 seconds
Number of updated asset objects reloaded before import = 0Number of asset objects unloaded after import = 3

========================================================================
Received Import Request.
  Time since last request: 0.000033 seconds.
  path: Assets/Sprites/Tileset/The Forgotten Depths/PlantsAnimated/Vegetation/Grass2/Grass2_00013.png
  artifactKey: Guid(82f6a91f86b427c4cadfb087c037a304) Importer(815301076,1909f56bfc062723c751e8b465ee728b)
Start importing Assets/Sprites/Tileset/The Forgotten Depths/PlantsAnimated/Vegetation/Grass2/Grass2_00013.png using Guid(82f6a91f86b427c4cadfb087c037a304) Importer(815301076,1909f56bfc062723c751e8b465ee728b) (PreviewImporter)[PhysX] Initialized MultithreadedTaskDispatcher with 6 workers.
[PhysX] Initialized MultithreadedTaskDispatcher with 6 workers.
 -> (artifact id: '5362dcbd0c8592b1d96b88fce8e9f7ef') in 0.0163457 seconds
Number of updated asset objects reloaded before import = 0Number of asset objects unloaded after import = 3

========================================================================
Received Import Request.
  Time since last request: 0.000028 seconds.
  path: Assets/Sprites/Tileset/The Forgotten Depths/PlantsAnimated/Vegetation/Grass2/Grass2_00011.png
  artifactKey: Guid(1f12690febcb4534f8658adb387c0db7) Importer(815301076,1909f56bfc062723c751e8b465ee728b)
Start importing Assets/Sprites/Tileset/The Forgotten Depths/PlantsAnimated/Vegetation/Grass2/Grass2_00011.png using Guid(1f12690febcb4534f8658adb387c0db7) Importer(815301076,1909f56bfc062723c751e8b465ee728b) (PreviewImporter)[PhysX] Initialized MultithreadedTaskDispatcher with 6 workers.
[PhysX] Initialized MultithreadedTaskDispatcher with 6 workers.
 -> (artifact id: '2ee8c14c719025bc067ac295dc462f61') in 0.017022 seconds
Number of updated asset objects reloaded before import = 0Number of asset objects unloaded after import = 3

========================================================================
Received Import Request.
  Time since last request: 0.000021 seconds.
  path: Assets/Sprites/Tileset/The Forgotten Depths/PlantsAnimated/Vegetation/Grass2/Grass2_00003.png
  artifactKey: Guid(f97242e27eb5fe942911d68a31584a9d) Importer(815301076,1909f56bfc062723c751e8b465ee728b)
Start importing Assets/Sprites/Tileset/The Forgotten Depths/PlantsAnimated/Vegetation/Grass2/Grass2_00003.png using Guid(f97242e27eb5fe942911d68a31584a9d) Importer(815301076,1909f56bfc062723c751e8b465ee728b) (PreviewImporter)[PhysX] Initialized MultithreadedTaskDispatcher with 6 workers.
[PhysX] Initialized MultithreadedTaskDispatcher with 6 workers.
 -> (artifact id: '6f56afc4ba830b056ac006fe10f38917') in 0.0233313 seconds
Number of updated asset objects reloaded before import = 0Number of asset objects unloaded after import = 3

========================================================================
Received Import Request.
  Time since last request: 0.000018 seconds.
  path: Assets/Sprites/Tileset/The Forgotten Depths/PlantsAnimated/Vegetation/Grass2/Grass2_00014.png
  artifactKey: Guid(8e3bc7e01a64b9043aeeefe56e6dcc81) Importer(815301076,1909f56bfc062723c751e8b465ee728b)
Start importing Assets/Sprites/Tileset/The Forgotten Depths/PlantsAnimated/Vegetation/Grass2/Grass2_00014.png using Guid(8e3bc7e01a64b9043aeeefe56e6dcc81) Importer(815301076,1909f56bfc062723c751e8b465ee728b) (PreviewImporter)[PhysX] Initialized MultithreadedTaskDispatcher with 6 workers.
[PhysX] Initialized MultithreadedTaskDispatcher with 6 workers.
 -> (artifact id: '1533f1e0dbcfc4eebf2a9b0a09f6fb55') in 0.0184822 seconds
Number of updated asset objects reloaded before import = 0Number of asset objects unloaded after import = 3

========================================================================
Received Import Request.
  Time since last request: 0.000014 seconds.
  path: Assets/Sprites/Tileset/The Forgotten Depths/PlantsAnimated/Vegetation/Grass2/Grass2_00004.png
  artifactKey: Guid(017e18d528bf3e241b5e602adf73d3ae) Importer(815301076,1909f56bfc062723c751e8b465ee728b)
Start importing Assets/Sprites/Tileset/The Forgotten Depths/PlantsAnimated/Vegetation/Grass2/Grass2_00004.png using Guid(017e18d528bf3e241b5e602adf73d3ae) Importer(815301076,1909f56bfc062723c751e8b465ee728b) (PreviewImporter)[PhysX] Initialized MultithreadedTaskDispatcher with 6 workers.
[PhysX] Initialized MultithreadedTaskDispatcher with 6 workers.
 -> (artifact id: '485e0c9759d6ce568c66d8ba89e73e0f') in 0.0186792 seconds
Number of updated asset objects reloaded before import = 0Number of asset objects unloaded after import = 3

========================================================================
Received Import Request.
  Time since last request: 0.000017 seconds.
  path: Assets/Sprites/Tileset/The Forgotten Depths/PlantsAnimated/Vegetation/Grass2/Grass2_00010.png
  artifactKey: Guid(52985e4ada4ed7a4e876bbe42472943c) Importer(815301076,1909f56bfc062723c751e8b465ee728b)
Start importing Assets/Sprites/Tileset/The Forgotten Depths/PlantsAnimated/Vegetation/Grass2/Grass2_00010.png using Guid(52985e4ada4ed7a4e876bbe42472943c) Importer(815301076,1909f56bfc062723c751e8b465ee728b) (PreviewImporter)[PhysX] Initialized MultithreadedTaskDispatcher with 6 workers.
[PhysX] Initialized MultithreadedTaskDispatcher with 6 workers.
 -> (artifact id: '967615e78335b4c0f517a78ffa97463e') in 0.0185701 seconds
Number of updated asset objects reloaded before import = 0Number of asset objects unloaded after import = 3

Editor requested this worker to shutdown with reason: Scaling down because of idle timeout
AssetImportWorker is now disconnected from the server
Process exiting
Exiting without the bug reporter. Application will terminate with return code 0