Using pre-set license
Built from 'trunk' branch; Version is '6000.0.3f1 (019aa96b6ed9) revision 105129'; Using compiler version '193933522'; Build Type 'Release'
OS: 'Windows 10  (10.0.19045) 64bit Professional' Language: 'en' Physical Memory: 32664 MB
BatchMode: 1, IsHumanControllingUs: 0, StartBugReporterOnCrash: 0, Is64bit: 1, IsPro: 1

COMMAND LINE ARGUMENTS:
C:\Program Files\Unity\Hub\Editor\6000.0.3f1\Editor\Unity.exe
-adb2
-batchMode
-noUpm
-name
AssetImportWorker8
-projectPath
C:/Users/PC GAMER/Documents/Lioran
-logFile
Logs/AssetImportWorker8.log
-srvPort
64661
-job-worker-count
5
-background-job-worker-count
8
-asset-garbage-collectors
1
Successfully changed project path to: C:/Users/PC GAMER/Documents/Lioran
C:/Users/PC GAMER/Documents/Lioran
[UnityMemory] Configuration Parameters - Can be set up in boot.config
    "memorysetup-bucket-allocator-granularity=16"
    "memorysetup-bucket-allocator-bucket-count=8"
    "memorysetup-bucket-allocator-block-size=33554432"
    "memorysetup-bucket-allocator-block-count=8"
    "memorysetup-main-allocator-block-size=16777216"
    "memorysetup-thread-allocator-block-size=16777216"
    "memorysetup-gfx-main-allocator-block-size=16777216"
    "memorysetup-gfx-thread-allocator-block-size=16777216"
    "memorysetup-cache-allocator-block-size=4194304"
    "memorysetup-typetree-allocator-block-size=2097152"
    "memorysetup-profiler-bucket-allocator-granularity=16"
    "memorysetup-profiler-bucket-allocator-bucket-count=8"
    "memorysetup-profiler-bucket-allocator-block-size=33554432"
    "memorysetup-profiler-bucket-allocator-block-count=8"
    "memorysetup-profiler-allocator-block-size=16777216"
    "memorysetup-profiler-editor-allocator-block-size=1048576"
    "memorysetup-temp-allocator-size-main=16777216"
    "memorysetup-job-temp-allocator-block-size=2097152"
    "memorysetup-job-temp-allocator-block-size-background=1048576"
    "memorysetup-job-temp-allocator-reduction-small-platforms=262144"
    "memorysetup-allocator-temp-initial-block-size-main=262144"
    "memorysetup-allocator-temp-initial-block-size-worker=262144"
    "memorysetup-temp-allocator-size-background-worker=32768"
    "memorysetup-temp-allocator-size-job-worker=262144"
    "memorysetup-temp-allocator-size-preload-manager=33554432"
    "memorysetup-temp-allocator-size-nav-mesh-worker=65536"
    "memorysetup-temp-allocator-size-audio-worker=65536"
    "memorysetup-temp-allocator-size-cloud-worker=32768"
    "memorysetup-temp-allocator-size-gi-baking-worker=262144"
    "memorysetup-temp-allocator-size-gi-baking-worker=262144"
    "memorysetup-temp-allocator-size-gi-baking-worker=262144"
    "memorysetup-temp-allocator-size-gi-baking-worker=262144"
    "memorysetup-temp-allocator-size-gi-baking-worker=262144"
    "memorysetup-temp-allocator-size-gfx=262144"
Player connection [13372]  Target information:

Player connection [13372]  * "[IP] 26.95.194.59 [Port] 0 [Flags] 2 [Guid] 46554751 [EditorId] 46554751 [Version] 1048832 [Id] WindowsEditor(7,lol) [Debug] 1 [PackageName] WindowsEditor [ProjectName] Editor" 

Player connection [13372]  * "[IP] 172.21.64.1 [Port] 0 [Flags] 2 [Guid] 46554751 [EditorId] 46554751 [Version] 1048832 [Id] WindowsEditor(7,lol) [Debug] 1 [PackageName] WindowsEditor [ProjectName] Editor" 

Player connection [13372]  * "[IP] 172.28.240.1 [Port] 0 [Flags] 2 [Guid] 46554751 [EditorId] 46554751 [Version] 1048832 [Id] WindowsEditor(7,lol) [Debug] 1 [PackageName] WindowsEditor [ProjectName] Editor" 

Player connection [13372]  * "[IP] 172.26.96.1 [Port] 0 [Flags] 2 [Guid] 46554751 [EditorId] 46554751 [Version] 1048832 [Id] WindowsEditor(7,lol) [Debug] 1 [PackageName] WindowsEditor [ProjectName] Editor" 

Player connection [13372]  * "[IP] 172.24.160.1 [Port] 0 [Flags] 2 [Guid] 46554751 [EditorId] 46554751 [Version] 1048832 [Id] WindowsEditor(7,lol) [Debug] 1 [PackageName] WindowsEditor [ProjectName] Editor" 

Player connection [13372]  * "[IP] 192.168.1.107 [Port] 0 [Flags] 2 [Guid] 46554751 [EditorId] 46554751 [Version] 1048832 [Id] WindowsEditor(7,lol) [Debug] 1 [PackageName] WindowsEditor [ProjectName] Editor" 

Player connection [13372] Host joined multi-casting on [225.0.0.222:54997]...
Player connection [13372] Host joined alternative multi-casting on [225.0.0.222:34997]...
JobSystem: Creating JobQueue using job-worker-count value 5
Library Redirect Path: Library/
[PhysX] Initialized MultithreadedTaskDispatcher with 6 workers.
Refreshing native plugins compatible for Editor in 3.59 ms, found 4 plugins.
Preloading 0 native plugins for Editor in 0.00 ms.
Initialize engine version: 6000.0.3f1 (019aa96b6ed9)
[Subsystems] Discovering subsystems at path C:/Program Files/Unity/Hub/Editor/6000.0.3f1/Editor/Data/Resources/UnitySubsystems
[Subsystems] Discovering subsystems at path C:/Users/PC GAMER/Documents/Lioran/Assets
GfxDevice: creating device client; kGfxThreadingModeNonThreaded
Direct3D:
    Version:  Direct3D 11.0 [level 11.1]
    Renderer: NVIDIA GeForce RTX 3060 (ID=0x2504)
    Vendor:   NVIDIA
    VRAM:     12115 MB
    Driver:   32.0.15.7216
Initialize mono
Mono path[0] = 'C:/Program Files/Unity/Hub/Editor/6000.0.3f1/Editor/Data/Managed'
Mono path[1] = 'C:/Program Files/Unity/Hub/Editor/6000.0.3f1/Editor/Data/MonoBleedingEdge/lib/mono/unityjit-win32'
Mono config path = 'C:/Program Files/Unity/Hub/Editor/6000.0.3f1/Editor/Data/MonoBleedingEdge/etc'
Using monoOptions --debugger-agent=transport=dt_socket,embedding=1,server=y,suspend=n,address=127.0.0.1:56356
Begin MonoManager ReloadAssembly
Registering precompiled unity dll's ...
Register platform support module: C:/Program Files/Unity/Hub/Editor/6000.0.3f1/Editor/Data/PlaybackEngines/WebGLSupport/UnityEditor.WebGL.Extensions.dll
Register platform support module: C:/Program Files/Unity/Hub/Editor/6000.0.3f1/Editor/Data/PlaybackEngines/WindowsStandaloneSupport/UnityEditor.WindowsStandalone.Extensions.dll
Register platform support module: C:/Program Files/Unity/Hub/Editor/6000.0.3f1/Editor/Data/PlaybackEngines/AndroidPlayer/UnityEditor.Android.Extensions.dll
Registered in 0.006039 seconds.
- Loaded All Assemblies, in  0.432 seconds
Native extension for Android target not found
Android Extension - Scanning For ADB Devices 221 ms
Native extension for WindowsStandalone target not found
Native extension for WebGL target not found
Mono: successfully reloaded assembly
- Finished resetting the current domain, in  0.764 seconds
Domain Reload Profiling: 1192ms
	BeginReloadAssembly (134ms)
		ExecutionOrderSort (0ms)
		DisableScriptedObjects (0ms)
		BackupInstance (0ms)
		ReleaseScriptingObjects (0ms)
		CreateAndSetChildDomain (1ms)
	RebuildCommonClasses (39ms)
	RebuildNativeTypeToScriptingClass (14ms)
	initialDomainReloadingComplete (57ms)
	LoadAllAssembliesAndSetupDomain (184ms)
		LoadAssemblies (132ms)
		RebuildTransferFunctionScriptingTraits (0ms)
		AnalyzeDomain (180ms)
			TypeCache.Refresh (179ms)
				TypeCache.ScanAssembly (164ms)
			BuildScriptInfoCaches (0ms)
			ResolveRequiredComponents (0ms)
	FinalizeReload (764ms)
		ReleaseScriptCaches (0ms)
		RebuildScriptCaches (0ms)
		SetupLoadedEditorAssemblies (702ms)
			LogAssemblyErrors (0ms)
			InitializePlatformSupportModulesInManaged (358ms)
			SetLoadedEditorAssemblies (4ms)
			BeforeProcessingInitializeOnLoad (6ms)
			ProcessInitializeOnLoadAttributes (147ms)
			ProcessInitializeOnLoadMethodAttributes (187ms)
			AfterProcessingInitializeOnLoad (0ms)
			EditorAssembliesLoaded (0ms)
		ExecutionOrderSort2 (0ms)
		AwakeInstancesAfterBackupRestoration (0ms)
========================================================================
Worker process is ready to serve import requests
Import Worker Mode flag is 0x00
Begin MonoManager ReloadAssembly
- Loaded All Assemblies, in  1.130 seconds
Refreshing native plugins compatible for Editor in 1.97 ms, found 4 plugins.
Native extension for Android target not found
Native extension for WindowsStandalone target not found
Native extension for WebGL target not found
The project currently uses the compatibility mode where the Render Graph API is disabled. Support for this mode will be removed in future Unity versions. Migrate existing ScriptableRenderPasses to the new RenderGraph API. After the migration, disable the compatibility mode in Edit > Projects Settings > Graphics > Render Graph.
UnityEngine.Debug:ExtractStackTraceNoAlloc (byte*,int,string)
UnityEngine.StackTraceUtility:ExtractStackTrace ()
UnityEngine.DebugLogHandler:Internal_Log (UnityEngine.LogType,UnityEngine.LogOption,string,UnityEngine.Object)
UnityEngine.DebugLogHandler:LogFormat (UnityEngine.LogType,UnityEngine.Object,string,object[])
UnityEngine.Logger:Log (UnityEngine.LogType,object)
UnityEngine.Debug:LogWarning (object)
UnityEngine.Rendering.Universal.WarnUsingNonRenderGraph:EmitConsoleWarning () (at ./Library/PackageCache/com.unity.render-pipelines.universal/Runtime/Data/UniversalRenderPipelineAsset.cs:438)
System.Reflection.RuntimeMethodInfo:Invoke (object,System.Reflection.BindingFlags,System.Reflection.Binder,object[],System.Globalization.CultureInfo)
System.Reflection.MethodBase:Invoke (object,object[])
UnityEditor.EditorAssemblies:ProcessInitializeOnLoadMethodAttributes ()

(Filename: ./Library/PackageCache/com.unity.render-pipelines.universal/Runtime/Data/UniversalRenderPipelineAsset.cs Line: 438)

Mono: successfully reloaded assembly
- Finished resetting the current domain, in  1.075 seconds
Domain Reload Profiling: 2198ms
	BeginReloadAssembly (412ms)
		ExecutionOrderSort (0ms)
		DisableScriptedObjects (6ms)
		BackupInstance (0ms)
		ReleaseScriptingObjects (0ms)
		CreateAndSetChildDomain (33ms)
	RebuildCommonClasses (40ms)
	RebuildNativeTypeToScriptingClass (14ms)
	initialDomainReloadingComplete (45ms)
	LoadAllAssembliesAndSetupDomain (611ms)
		LoadAssemblies (400ms)
		RebuildTransferFunctionScriptingTraits (0ms)
		AnalyzeDomain (315ms)
			TypeCache.Refresh (222ms)
				TypeCache.ScanAssembly (202ms)
			BuildScriptInfoCaches (78ms)
			ResolveRequiredComponents (13ms)
	FinalizeReload (1076ms)
		ReleaseScriptCaches (0ms)
		RebuildScriptCaches (0ms)
		SetupLoadedEditorAssemblies (782ms)
			LogAssemblyErrors (0ms)
			InitializePlatformSupportModulesInManaged (22ms)
			SetLoadedEditorAssemblies (5ms)
			BeforeProcessingInitializeOnLoad (86ms)
			ProcessInitializeOnLoadAttributes (396ms)
			ProcessInitializeOnLoadMethodAttributes (265ms)
			AfterProcessingInitializeOnLoad (8ms)
			EditorAssembliesLoaded (0ms)
		ExecutionOrderSort2 (0ms)
		AwakeInstancesAfterBackupRestoration (7ms)
Launched and connected shader compiler UnityShaderCompiler.exe after 0.01 seconds
Refreshing native plugins compatible for Editor in 3.00 ms, found 4 plugins.
Preloading 0 native plugins for Editor in 0.00 ms.
Unloading 204 Unused Serialized files (Serialized files now loaded: 0)
Unloading 6533 unused Assets / (7.1 MB). Loaded Objects now: 7258.
Memory consumption went from 188.1 MB to 181.0 MB.
Total: 15.982800 ms (FindLiveObjects: 0.893500 ms CreateObjectMapping: 1.300100 ms MarkObjects: 8.663900 ms  DeleteObjects: 5.123800 ms)

========================================================================
Received Import Request.
  Time since last request: 18147.470208 seconds.
  path: Assets/Sprites/Tileset/The Forgotten Depths/PlantsAnimated/Vegetation/Grass3/Comp 1_00000.png
  artifactKey: Guid(36ef50489780e204781588c1f8b532f6) Importer(815301076,1909f56bfc062723c751e8b465ee728b)
Start importing Assets/Sprites/Tileset/The Forgotten Depths/PlantsAnimated/Vegetation/Grass3/Comp 1_00000.png using Guid(36ef50489780e204781588c1f8b532f6) Importer(815301076,1909f56bfc062723c751e8b465ee728b) (PreviewImporter)[PhysX] Initialized MultithreadedTaskDispatcher with 6 workers.
[PhysX] Initialized MultithreadedTaskDispatcher with 6 workers.
 -> (artifact id: '4ca3eaf265575a90446033b93e23849a') in 0.253344 seconds
Number of updated asset objects reloaded before import = 0Number of asset objects unloaded after import = 3

========================================================================
Received Import Request.
  Time since last request: 0.000038 seconds.
  path: Assets/Sprites/Tileset/The Forgotten Depths/PlantsAnimated/Vegetation/Grass3/Comp 1_00016.png
  artifactKey: Guid(67dc0cbc09e32e046b54b58ff5fc9c65) Importer(815301076,1909f56bfc062723c751e8b465ee728b)
Start importing Assets/Sprites/Tileset/The Forgotten Depths/PlantsAnimated/Vegetation/Grass3/Comp 1_00016.png using Guid(67dc0cbc09e32e046b54b58ff5fc9c65) Importer(815301076,1909f56bfc062723c751e8b465ee728b) (PreviewImporter)[PhysX] Initialized MultithreadedTaskDispatcher with 6 workers.
[PhysX] Initialized MultithreadedTaskDispatcher with 6 workers.
 -> (artifact id: 'c020f07a5d3d491c1c65ab87c786b5aa') in 0.0153954 seconds
Number of updated asset objects reloaded before import = 0Number of asset objects unloaded after import = 3

========================================================================
Received Import Request.
  Time since last request: 0.000025 seconds.
  path: Assets/Sprites/Tileset/The Forgotten Depths/PlantsAnimated/Vegetation/Grass3/Comp 1_00027.png
  artifactKey: Guid(65a3b10e65cec454684e4334f6a3ce55) Importer(815301076,1909f56bfc062723c751e8b465ee728b)
Start importing Assets/Sprites/Tileset/The Forgotten Depths/PlantsAnimated/Vegetation/Grass3/Comp 1_00027.png using Guid(65a3b10e65cec454684e4334f6a3ce55) Importer(815301076,1909f56bfc062723c751e8b465ee728b) (PreviewImporter)[PhysX] Initialized MultithreadedTaskDispatcher with 6 workers.
[PhysX] Initialized MultithreadedTaskDispatcher with 6 workers.
 -> (artifact id: '39d9bda9f9a674da76f9d88efc2cbfe4') in 0.0165189 seconds
Number of updated asset objects reloaded before import = 0Number of asset objects unloaded after import = 3

========================================================================
Received Import Request.
  Time since last request: 0.000018 seconds.
  path: Assets/Sprites/Tileset/The Forgotten Depths/PlantsAnimated/Vegetation/Grass3/Comp 1_00021.png
  artifactKey: Guid(cfc7ba702a870dd42a3b36866b36f0c7) Importer(815301076,1909f56bfc062723c751e8b465ee728b)
Start importing Assets/Sprites/Tileset/The Forgotten Depths/PlantsAnimated/Vegetation/Grass3/Comp 1_00021.png using Guid(cfc7ba702a870dd42a3b36866b36f0c7) Importer(815301076,1909f56bfc062723c751e8b465ee728b) (PreviewImporter)[PhysX] Initialized MultithreadedTaskDispatcher with 6 workers.
[PhysX] Initialized MultithreadedTaskDispatcher with 6 workers.
 -> (artifact id: '3e2832a5fd70e5d0ced7525ffe8bbfcf') in 0.0157352 seconds
Number of updated asset objects reloaded before import = 0Number of asset objects unloaded after import = 3

========================================================================
Received Import Request.
  Time since last request: 0.000018 seconds.
  path: Assets/Sprites/Tileset/The Forgotten Depths/PlantsAnimated/Vegetation/Grass3/Comp 1_00013.png
  artifactKey: Guid(88cadd4858feb674b8299183e4114d93) Importer(815301076,1909f56bfc062723c751e8b465ee728b)
Start importing Assets/Sprites/Tileset/The Forgotten Depths/PlantsAnimated/Vegetation/Grass3/Comp 1_00013.png using Guid(88cadd4858feb674b8299183e4114d93) Importer(815301076,1909f56bfc062723c751e8b465ee728b) (PreviewImporter)[PhysX] Initialized MultithreadedTaskDispatcher with 6 workers.
[PhysX] Initialized MultithreadedTaskDispatcher with 6 workers.
 -> (artifact id: '2411ee5aa63358448931d9610149157a') in 0.0145075 seconds
Number of updated asset objects reloaded before import = 0Number of asset objects unloaded after import = 3

========================================================================
Received Import Request.
  Time since last request: 0.000017 seconds.
  path: Assets/Sprites/Tileset/The Forgotten Depths/PlantsAnimated/Vegetation/Grass3/Comp 1_00006.png
  artifactKey: Guid(f656da8e1e00cfd4994d26049b9e3069) Importer(815301076,1909f56bfc062723c751e8b465ee728b)
Start importing Assets/Sprites/Tileset/The Forgotten Depths/PlantsAnimated/Vegetation/Grass3/Comp 1_00006.png using Guid(f656da8e1e00cfd4994d26049b9e3069) Importer(815301076,1909f56bfc062723c751e8b465ee728b) (PreviewImporter)[PhysX] Initialized MultithreadedTaskDispatcher with 6 workers.
[PhysX] Initialized MultithreadedTaskDispatcher with 6 workers.
 -> (artifact id: 'c41893aea492fdd2bb5578043441452d') in 0.0155773 seconds
Number of updated asset objects reloaded before import = 0Number of asset objects unloaded after import = 3

========================================================================
Received Import Request.
  Time since last request: 0.000022 seconds.
  path: Assets/Sprites/Tileset/The Forgotten Depths/PlantsAnimated/Vegetation/Grass3/Comp 1_00018.png
  artifactKey: Guid(697e71c0ca077044eae7f52ca0ade248) Importer(815301076,1909f56bfc062723c751e8b465ee728b)
Start importing Assets/Sprites/Tileset/The Forgotten Depths/PlantsAnimated/Vegetation/Grass3/Comp 1_00018.png using Guid(697e71c0ca077044eae7f52ca0ade248) Importer(815301076,1909f56bfc062723c751e8b465ee728b) (PreviewImporter)[PhysX] Initialized MultithreadedTaskDispatcher with 6 workers.
[PhysX] Initialized MultithreadedTaskDispatcher with 6 workers.
 -> (artifact id: '2e7e70b661b7d95b9b4784a7917607cc') in 0.018717 seconds
Number of updated asset objects reloaded before import = 0Number of asset objects unloaded after import = 3

========================================================================
Received Import Request.
  Time since last request: 0.000020 seconds.
  path: Assets/Sprites/Tileset/The Forgotten Depths/PlantsAnimated/Vegetation/Grass3/Comp 1_00011.png
  artifactKey: Guid(968db7187529c31478ee5eab57b17f77) Importer(815301076,1909f56bfc062723c751e8b465ee728b)
Start importing Assets/Sprites/Tileset/The Forgotten Depths/PlantsAnimated/Vegetation/Grass3/Comp 1_00011.png using Guid(968db7187529c31478ee5eab57b17f77) Importer(815301076,1909f56bfc062723c751e8b465ee728b) (PreviewImporter)[PhysX] Initialized MultithreadedTaskDispatcher with 6 workers.
[PhysX] Initialized MultithreadedTaskDispatcher with 6 workers.
 -> (artifact id: '4db80d57ff1c035ad2adf5ef36554783') in 0.0147816 seconds
Number of updated asset objects reloaded before import = 0Number of asset objects unloaded after import = 3

========================================================================
Received Import Request.
  Time since last request: 0.000023 seconds.
  path: Assets/Sprites/Tileset/The Forgotten Depths/PlantsAnimated/Vegetation/Grass3/Comp 1_00010.png
  artifactKey: Guid(5145cd9f9b0d5914a8f248d6909be3ac) Importer(815301076,1909f56bfc062723c751e8b465ee728b)
Start importing Assets/Sprites/Tileset/The Forgotten Depths/PlantsAnimated/Vegetation/Grass3/Comp 1_00010.png using Guid(5145cd9f9b0d5914a8f248d6909be3ac) Importer(815301076,1909f56bfc062723c751e8b465ee728b) (PreviewImporter)[PhysX] Initialized MultithreadedTaskDispatcher with 6 workers.
[PhysX] Initialized MultithreadedTaskDispatcher with 6 workers.
 -> (artifact id: 'ca0d7b2b715754671601ec775f970d4f') in 0.0158517 seconds
Number of updated asset objects reloaded before import = 0Number of asset objects unloaded after import = 3

========================================================================
Received Import Request.
  Time since last request: 0.000015 seconds.
  path: Assets/Sprites/Tileset/The Forgotten Depths/PlantsAnimated/Vegetation/Grass3/Comp 1_00023.png
  artifactKey: Guid(ce60979865ed8b149b7d0902a39d7d9d) Importer(815301076,1909f56bfc062723c751e8b465ee728b)
Start importing Assets/Sprites/Tileset/The Forgotten Depths/PlantsAnimated/Vegetation/Grass3/Comp 1_00023.png using Guid(ce60979865ed8b149b7d0902a39d7d9d) Importer(815301076,1909f56bfc062723c751e8b465ee728b) (PreviewImporter)[PhysX] Initialized MultithreadedTaskDispatcher with 6 workers.
[PhysX] Initialized MultithreadedTaskDispatcher with 6 workers.
 -> (artifact id: '6c2667398c6b94a15387fb9a7f8ec3c6') in 0.0153657 seconds
Number of updated asset objects reloaded before import = 0Number of asset objects unloaded after import = 3

========================================================================
Received Import Request.
  Time since last request: 0.000016 seconds.
  path: Assets/Sprites/Tileset/The Forgotten Depths/PlantsAnimated/Vegetation/Grass3/Comp 1_00017.png
  artifactKey: Guid(6a81f1b5d9a576141ac7d13bc57b8117) Importer(815301076,1909f56bfc062723c751e8b465ee728b)
Start importing Assets/Sprites/Tileset/The Forgotten Depths/PlantsAnimated/Vegetation/Grass3/Comp 1_00017.png using Guid(6a81f1b5d9a576141ac7d13bc57b8117) Importer(815301076,1909f56bfc062723c751e8b465ee728b) (PreviewImporter)[PhysX] Initialized MultithreadedTaskDispatcher with 6 workers.
[PhysX] Initialized MultithreadedTaskDispatcher with 6 workers.
 -> (artifact id: 'e25d2c87c2dd6324cddda83a2b6b6a91') in 0.0161527 seconds
Number of updated asset objects reloaded before import = 0Number of asset objects unloaded after import = 3

========================================================================
Received Import Request.
  Time since last request: 0.000015 seconds.
  path: Assets/Sprites/Tileset/The Forgotten Depths/PlantsAnimated/Vegetation/Grass3/Comp 1_00003.png
  artifactKey: Guid(d0e31ee25b15764408f007ecb2dc8b29) Importer(815301076,1909f56bfc062723c751e8b465ee728b)
Start importing Assets/Sprites/Tileset/The Forgotten Depths/PlantsAnimated/Vegetation/Grass3/Comp 1_00003.png using Guid(d0e31ee25b15764408f007ecb2dc8b29) Importer(815301076,1909f56bfc062723c751e8b465ee728b) (PreviewImporter)[PhysX] Initialized MultithreadedTaskDispatcher with 6 workers.
[PhysX] Initialized MultithreadedTaskDispatcher with 6 workers.
 -> (artifact id: '66e83d0161dd64867cd56d631c5f5fd1') in 0.013937 seconds
Number of updated asset objects reloaded before import = 0Number of asset objects unloaded after import = 3

========================================================================
Received Import Request.
  Time since last request: 0.000016 seconds.
  path: Assets/Sprites/Tileset/The Forgotten Depths/PlantsAnimated/Vegetation/Grass3/Comp 1_00009.png
  artifactKey: Guid(3d3377225932687459399262ebdd53bc) Importer(815301076,1909f56bfc062723c751e8b465ee728b)
Start importing Assets/Sprites/Tileset/The Forgotten Depths/PlantsAnimated/Vegetation/Grass3/Comp 1_00009.png using Guid(3d3377225932687459399262ebdd53bc) Importer(815301076,1909f56bfc062723c751e8b465ee728b) (PreviewImporter)[PhysX] Initialized MultithreadedTaskDispatcher with 6 workers.
[PhysX] Initialized MultithreadedTaskDispatcher with 6 workers.
 -> (artifact id: '5d37fa3857bdaf43a74323147078a085') in 0.014632 seconds
Number of updated asset objects reloaded before import = 0Number of asset objects unloaded after import = 3

========================================================================
Received Import Request.
  Time since last request: 0.000019 seconds.
  path: Assets/Sprites/Tileset/The Forgotten Depths/PlantsAnimated/Vegetation/Grass3/Comp 1_00008.png
  artifactKey: Guid(81eb6a4eea1604945b483333afb9c31a) Importer(815301076,1909f56bfc062723c751e8b465ee728b)
Start importing Assets/Sprites/Tileset/The Forgotten Depths/PlantsAnimated/Vegetation/Grass3/Comp 1_00008.png using Guid(81eb6a4eea1604945b483333afb9c31a) Importer(815301076,1909f56bfc062723c751e8b465ee728b) (PreviewImporter)[PhysX] Initialized MultithreadedTaskDispatcher with 6 workers.
[PhysX] Initialized MultithreadedTaskDispatcher with 6 workers.
 -> (artifact id: 'a77407dc2c4e3f88219eb4da1a36c299') in 0.0160199 seconds
Number of updated asset objects reloaded before import = 0Number of asset objects unloaded after import = 3

Editor requested this worker to shutdown with reason: Scaling down because of idle timeout
AssetImportWorker is now disconnected from the server
Process exiting
Exiting without the bug reporter. Application will terminate with return code 0